[2018-05-23 09:26:18,292] - logger.py] - INFO: ---??????----
[2018-05-23 09:26:18,294] - logger.py] - INFO: ????????1,2,3
[2018-05-23 09:26:18,296] - logger.py] - WARNING: ----???????----
[2018-05-23 16:20:56,058] - logger.py] - INFO: ------test------
[2018-05-23 16:24:06,749] - logger.py] - INFO: ------test------
[2018-05-23 16:24:06,750] - logger.py] - INFO: ????url:http://www.baidu.com
[2018-05-23 16:30:34,578] - logger.py] - INFO: ------test------
[2018-05-23 16:30:34,581] - logger.py] - INFO: ????url:http://www.baidu.com
[2018-05-23 16:30:59,156] - logger.py] - INFO: ------test------
[2018-05-23 16:30:59,159] - logger.py] - INFO: ????url:http://www.baidu.com
[2018-05-23 16:44:33,928] - logger.py] - INFO: ------test------
[2018-05-23 16:44:33,930] - logger.py] - INFO: ????url:http://www.baidu.com
[2018-05-23 16:45:48,186] - logger.py] - INFO: ------test------
[2018-05-23 16:45:48,187] - logger.py] - INFO: ????url:http://www.baidu.com
[2018-05-23 16:51:20,811] - logger.py] - INFO: ------test------
[2018-05-23 16:51:20,812] - logger.py] - INFO: 测试url:http://www.baidu.com
[2018-05-23 16:55:10,502] - logger.py] - INFO: ------test------
[2018-05-23 16:55:10,503] - logger.py] - INFO: 测试url:http://www.baidu.com
[2018-05-23 16:56:22,914] - logger.py] - INFO: ------test------
[2018-05-23 16:56:22,918] - logger.py] - INFO: 测试url:http://www.baidu.com
[2018-05-23 16:58:13,325] - logger.py] - INFO: ------test------
[2018-05-23 16:58:13,327] - logger.py] - INFO: 测试url:http://www.baidu.com
[2018-05-23 16:58:47,990] - logger.py] - INFO: ------test------
[2018-05-23 16:58:47,991] - logger.py] - INFO: 测试url:http://www.baidu.com
[2018-05-23 17:08:18,195] - logger.py] - INFO: ------test------
[2018-05-23 17:08:18,196] - logger.py] - INFO: 测试url:http://www.baidu.com
[2018-05-23 17:51:08,869] - logger.py] - INFO: attach file E:\toors\InterfaceForPython\report\2018_05_23_17_08_18result.html
[2018-05-23 17:51:09,257] - logger.py] - INFO: 发送邮件"测试报告"成功! 收件人：1978529954@qq.com。如果没有收到邮件，请检查垃圾箱，同时检查收件人地址是否正确
